<?xml version="1.0" encoding="UTF-8"?>
<!-- Generated by org.testng.reporters.JUnitReportReporter -->
<testsuite hostname="DESKTOP-U3IRFLG" failures="0" tests="1" name="com.urgeTruck.testCase.TC_LoginTest_UT_001" time="21.616" errors="0" timestamp="2023-10-20T14:58:00 IST" skipped="0">
  <testcase classname="com.urgeTruck.testCase.TC_LoginTest_UT_001" name="LoginTest" time="21.616"/>
  <system-out/>
</testsuite> <!-- com.urgeTruck.testCase.TC_LoginTest_UT_001 -->
